<?xml version="1.0" encoding="UTF-8"?>
<testsuite name="CardTest" tests="4" skipped="0" failures="0" errors="0" timestamp="2016-02-18T05:06:13" hostname="Annas-MacBook-Air.local" time="0.001">
  <properties/>
  <testcase name="getValue_returnsACardsSuit_Value" classname="CardTest" time="0.0"/>
  <testcase name="name_returnsAFormattedNameForCar_AceOfSpades" classname="CardTest" time="0.0"/>
  <testcase name="getSuit_returnsACardsSuit_Spades" classname="CardTest" time="0.0"/>
  <testcase name="card_initializesCorrectly_true" classname="CardTest" time="0.0"/>
  <system-out><![CDATA[]]></system-out>
  <system-err><![CDATA[]]></system-err>
</testsuite>
