<?xml version="1.0" encoding="UTF-8"?>
<testsuite name="AppTest" tests="1" skipped="0" failures="0" errors="0" timestamp="2016-02-18T05:06:13" hostname="Annas-MacBook-Air.local" time="0.389">
  <properties/>
  <testcase name="rootTest" classname="AppTest" time="0.389"/>
  <system-out><![CDATA[]]></system-out>
  <system-err><![CDATA[]]></system-err>
</testsuite>
